<?xml version="1.0" encoding="UTF-8"?>
<!-- Generated by org.testng.reporters.JUnitReportReporter -->
<testsuite hostname="lapapotte" failures="1" tests="6" name="org.openrefine.wikidata.updates.scheduler.PointerExtractorTest" time="0.880" errors="0" timestamp="2021-05-11T15:32:59 CEST" skipped="0">
  <testcase classname="org.openrefine.wikidata.updates.scheduler.PointerExtractorTest" name="testStatement" time="0.008"/>
  <system-out/>
  <testcase classname="org.openrefine.wikidata.updates.scheduler.PointerExtractorTest" name="testSnakGroup" time="0.004"/>
  <system-out/>
  <testcase classname="org.openrefine.wikidata.updates.scheduler.PointerExtractorTest" name="testExtractEntityId" time="0.002"/>
  <system-out/>
  <testcase classname="org.openrefine.wikidata.updates.scheduler.PointerExtractorTest" name="testExtractDatavalues" time="0.859"/>
  <system-out/>
  <testcase classname="org.openrefine.wikidata.updates.scheduler.PointerExtractorTest" name="testExtractUnit" time="0.002">
    <failure message="Sets differ: expected [new item (reconciled from 1234)] but got []" type="java.lang.AssertionError">
      <![CDATA[java.lang.AssertionError: Sets differ: expected [new item (reconciled from 1234)] but got []
at org.testng.Assert.fail(Assert.java:99)
at org.testng.Assert.assertEquals(Assert.java:1357)
at org.testng.Assert.assertEquals(Assert.java:1323)
at org.openrefine.wikidata.updates.scheduler.PointerExtractorTest.testExtractUnit(PointerExtractorTest.java:83)
at java.base/jdk.internal.reflect.NativeMethodAccessorImpl.invoke0(Native Method)
at java.base/jdk.internal.reflect.NativeMethodAccessorImpl.invoke(NativeMethodAccessorImpl.java:62)
at java.base/jdk.internal.reflect.DelegatingMethodAccessorImpl.invoke(DelegatingMethodAccessorImpl.java:43)
at java.base/java.lang.reflect.Method.invoke(Method.java:566)
at org.testng.internal.MethodInvocationHelper.invokeMethod(MethodInvocationHelper.java:133)
at org.testng.internal.TestInvoker.invokeMethod(TestInvoker.java:598)
at org.testng.internal.TestInvoker.invokeTestMethod(TestInvoker.java:173)
at org.testng.internal.MethodRunner.runInSequence(MethodRunner.java:46)
at org.testng.internal.TestInvoker$MethodInvocationAgent.invoke(TestInvoker.java:824)
at org.testng.internal.TestInvoker.invokeTestMethods(TestInvoker.java:146)
at org.testng.internal.TestMethodWorker.invokeTestMethods(TestMethodWorker.java:146)
at org.testng.internal.TestMethodWorker.run(TestMethodWorker.java:128)
at java.base/java.util.ArrayList.forEach(ArrayList.java:1541)
at org.testng.TestRunner.privateRun(TestRunner.java:794)
at org.testng.TestRunner.run(TestRunner.java:596)
at org.testng.SuiteRunner.runTest(SuiteRunner.java:377)
at org.testng.SuiteRunner.runSequentially(SuiteRunner.java:371)
at org.testng.SuiteRunner.privateRun(SuiteRunner.java:332)
at org.testng.SuiteRunner.run(SuiteRunner.java:276)
at org.testng.SuiteRunnerWorker.runSuite(SuiteRunnerWorker.java:53)
at org.testng.SuiteRunnerWorker.run(SuiteRunnerWorker.java:96)
at org.testng.TestNG.runSuitesSequentially(TestNG.java:1212)
at org.testng.TestNG.runSuitesLocally(TestNG.java:1134)
at org.testng.TestNG.runSuites(TestNG.java:1063)
at org.testng.TestNG.run(TestNG.java:1031)
at org.testng.remote.AbstractRemoteTestNG.run(AbstractRemoteTestNG.java:115)
at org.testng.remote.RemoteTestNG.initAndRun(RemoteTestNG.java:251)
at org.testng.remote.RemoteTestNG.main(RemoteTestNG.java:77)
]]>
    </failure>
  </testcase> <!-- testExtractUnit -->
  <system-out/>
  <testcase classname="org.openrefine.wikidata.updates.scheduler.PointerExtractorTest" name="testSnak" time="0.005"/>
  <system-out/>
</testsuite> <!-- org.openrefine.wikidata.updates.scheduler.PointerExtractorTest -->
