<?xml version="1.0" encoding="UTF-8"?>
<testng-results ignored="0" total="6" passed="5" failed="1" skipped="0">
  <reporter-output>
  </reporter-output>
  <suite started-at="2021-05-11T15:32:58 CEST" name="Default suite" finished-at="2021-05-11T15:32:59 CEST" duration-ms="950">
    <groups>
    </groups>
    <test started-at="2021-05-11T15:32:58 CEST" name="Default test" finished-at="2021-05-11T15:32:59 CEST" duration-ms="950">
      <class name="org.openrefine.wikidata.updates.scheduler.PointerExtractorTest">
        <test-method signature="testExtractDatavalues()[pri:0, instance:org.openrefine.wikidata.updates.scheduler.PointerExtractorTest@394df057]" started-at="2021-05-11T15:32:58 CEST" name="testExtractDatavalues" finished-at="2021-05-11T15:32:59 CEST" duration-ms="859" status="PASS">
          <reporter-output>
          </reporter-output>
        </test-method> <!-- testExtractDatavalues -->
        <test-method signature="testExtractEntityId()[pri:0, instance:org.openrefine.wikidata.updates.scheduler.PointerExtractorTest@394df057]" started-at="2021-05-11T15:32:59 CEST" name="testExtractEntityId" finished-at="2021-05-11T15:32:59 CEST" duration-ms="2" status="PASS">
          <reporter-output>
          </reporter-output>
        </test-method> <!-- testExtractEntityId -->
        <test-method signature="testExtractUnit()[pri:0, instance:org.openrefine.wikidata.updates.scheduler.PointerExtractorTest@394df057]" started-at="2021-05-11T15:32:59 CEST" name="testExtractUnit" finished-at="2021-05-11T15:32:59 CEST" duration-ms="2" status="FAIL">
          <exception class="java.lang.AssertionError">
            <message>
              <![CDATA[Sets differ: expected [new item (reconciled from 1234)] but got []]]>
            </message>
            <full-stacktrace>
              <![CDATA[java.lang.AssertionError: Sets differ: expected [new item (reconciled from 1234)] but got []
at org.testng.Assert.fail(Assert.java:99)
at org.testng.Assert.assertEquals(Assert.java:1357)
at org.testng.Assert.assertEquals(Assert.java:1323)
at org.openrefine.wikidata.updates.scheduler.PointerExtractorTest.testExtractUnit(PointerExtractorTest.java:83)
at java.base/jdk.internal.reflect.NativeMethodAccessorImpl.invoke0(Native Method)
at java.base/jdk.internal.reflect.NativeMethodAccessorImpl.invoke(NativeMethodAccessorImpl.java:62)
at java.base/jdk.internal.reflect.DelegatingMethodAccessorImpl.invoke(DelegatingMethodAccessorImpl.java:43)
at java.base/java.lang.reflect.Method.invoke(Method.java:566)
at org.testng.internal.MethodInvocationHelper.invokeMethod(MethodInvocationHelper.java:133)
at org.testng.internal.TestInvoker.invokeMethod(TestInvoker.java:598)
at org.testng.internal.TestInvoker.invokeTestMethod(TestInvoker.java:173)
at org.testng.internal.MethodRunner.runInSequence(MethodRunner.java:46)
at org.testng.internal.TestInvoker$MethodInvocationAgent.invoke(TestInvoker.java:824)
at org.testng.internal.TestInvoker.invokeTestMethods(TestInvoker.java:146)
at org.testng.internal.TestMethodWorker.invokeTestMethods(TestMethodWorker.java:146)
at org.testng.internal.TestMethodWorker.run(TestMethodWorker.java:128)
at java.base/java.util.ArrayList.forEach(ArrayList.java:1541)
at org.testng.TestRunner.privateRun(TestRunner.java:794)
at org.testng.TestRunner.run(TestRunner.java:596)
at org.testng.SuiteRunner.runTest(SuiteRunner.java:377)
at org.testng.SuiteRunner.runSequentially(SuiteRunner.java:371)
at org.testng.SuiteRunner.privateRun(SuiteRunner.java:332)
at org.testng.SuiteRunner.run(SuiteRunner.java:276)
at org.testng.SuiteRunnerWorker.runSuite(SuiteRunnerWorker.java:53)
at org.testng.SuiteRunnerWorker.run(SuiteRunnerWorker.java:96)
at org.testng.TestNG.runSuitesSequentially(TestNG.java:1212)
at org.testng.TestNG.runSuitesLocally(TestNG.java:1134)
at org.testng.TestNG.runSuites(TestNG.java:1063)
at org.testng.TestNG.run(TestNG.java:1031)
at org.testng.remote.AbstractRemoteTestNG.run(AbstractRemoteTestNG.java:115)
at org.testng.remote.RemoteTestNG.initAndRun(RemoteTestNG.java:251)
at org.testng.remote.RemoteTestNG.main(RemoteTestNG.java:77)
]]>
            </full-stacktrace>
          </exception> <!-- java.lang.AssertionError -->
          <reporter-output>
          </reporter-output>
        </test-method> <!-- testExtractUnit -->
        <test-method signature="testSnak()[pri:0, instance:org.openrefine.wikidata.updates.scheduler.PointerExtractorTest@394df057]" started-at="2021-05-11T15:32:59 CEST" name="testSnak" finished-at="2021-05-11T15:32:59 CEST" duration-ms="5" status="PASS">
          <reporter-output>
          </reporter-output>
        </test-method> <!-- testSnak -->
        <test-method signature="testSnakGroup()[pri:0, instance:org.openrefine.wikidata.updates.scheduler.PointerExtractorTest@394df057]" started-at="2021-05-11T15:32:59 CEST" name="testSnakGroup" finished-at="2021-05-11T15:32:59 CEST" duration-ms="4" status="PASS">
          <reporter-output>
          </reporter-output>
        </test-method> <!-- testSnakGroup -->
        <test-method signature="testStatement()[pri:0, instance:org.openrefine.wikidata.updates.scheduler.PointerExtractorTest@394df057]" started-at="2021-05-11T15:32:59 CEST" name="testStatement" finished-at="2021-05-11T15:32:59 CEST" duration-ms="8" status="PASS">
          <reporter-output>
          </reporter-output>
        </test-method> <!-- testStatement -->
      </class> <!-- org.openrefine.wikidata.updates.scheduler.PointerExtractorTest -->
    </test> <!-- Default test -->
  </suite> <!-- Default suite -->
</testng-results>
